#-----------------------------------------------------------
# Vivado v2018.3 (64-bit)
# SW Build 2405991 on Thu Dec  6 23:36:41 MST 2018
# IP Build 2404404 on Fri Dec  7 01:43:56 MST 2018
# Start of session at: Thu Jun 17 17:13:11 2021
# Process ID: 28970
# Current directory: /home/zhangniansong/ATC21-hw-rsc/fine-grained
# Command line: vivado -mode tcl -source synth.tcl
# Log file: /home/zhangniansong/ATC21-hw-rsc/fine-grained/vivado.log
# Journal file: /home/zhangniansong/ATC21-hw-rsc/fine-grained/vivado.jou
#-----------------------------------------------------------
source synth.tcl
# create_project finegrain -f ./project -part xcvu9p-fsgd2104-3-e
# read_verilog pe.v
# read_verilog omni_switch.v
# synth_design -top omni_switch -mode out_of_context;
Command: synth_design -top omni_switch -mode out_of_context
Starting synth_design
Using part: xcvu9p-fsgd2104-3-e
Attempting to get a license for feature 'Synthesis' and/or device 'xcvu9p'
INFO: [Common 17-349] Got license for feature 'Synthesis' and/or device 'xcvu9p'
INFO: Launching helper process for spawning children vivado processes
INFO: Helper process launched with PID 29147 
---------------------------------------------------------------------------------
Starting Synthesize : Time (s): cpu = 00:00:02 ; elapsed = 00:00:02 . Memory (MB): peak = 1425.230 ; gain = 60.000 ; free physical = 15383 ; free virtual = 101881
---------------------------------------------------------------------------------
INFO: [Synth 8-6157] synthesizing module 'omni_switch' [/home/zhangniansong/ATC21-hw-rsc/fine-grained/omni_switch.v:1]
	Parameter D_W bound to: 64 - type: integer 
	Parameter A_W bound to: 16 - type: integer 
INFO: [Synth 8-6157] synthesizing module 'PE' [/home/zhangniansong/ATC21-hw-rsc/fine-grained/pe.v:5]
	Parameter D_W bound to: 64 - type: integer 
	Parameter A_W bound to: 16 - type: integer 
INFO: [Synth 8-5534] Detected attribute (* dont_touch = "true" *) [/home/zhangniansong/ATC21-hw-rsc/fine-grained/pe.v:17]
INFO: [Synth 8-5534] Detected attribute (* dont_touch = "true" *) [/home/zhangniansong/ATC21-hw-rsc/fine-grained/pe.v:18]
INFO: [Synth 8-5534] Detected attribute (* dont_touch = "true" *) [/home/zhangniansong/ATC21-hw-rsc/fine-grained/pe.v:19]
INFO: [Synth 8-5534] Detected attribute (* dont_touch = "true" *) [/home/zhangniansong/ATC21-hw-rsc/fine-grained/pe.v:20]
INFO: [Synth 8-6155] done synthesizing module 'PE' (1#1) [/home/zhangniansong/ATC21-hw-rsc/fine-grained/pe.v:5]
WARNING: [Synth 8-6014] Unused sequential element out_act_reg_reg was removed.  [/home/zhangniansong/ATC21-hw-rsc/fine-grained/omni_switch.v:71]
WARNING: [Synth 8-3848] Net ps_d_sel in module/entity omni_switch does not have driver. [/home/zhangniansong/ATC21-hw-rsc/fine-grained/omni_switch.v:19]
WARNING: [Synth 8-3848] Net a_d_sel in module/entity omni_switch does not have driver. [/home/zhangniansong/ATC21-hw-rsc/fine-grained/omni_switch.v:20]
INFO: [Synth 8-6155] done synthesizing module 'omni_switch' (2#1) [/home/zhangniansong/ATC21-hw-rsc/fine-grained/omni_switch.v:1]
---------------------------------------------------------------------------------
Finished Synthesize : Time (s): cpu = 00:00:02 ; elapsed = 00:00:03 . Memory (MB): peak = 1469.980 ; gain = 104.750 ; free physical = 15382 ; free virtual = 101883
---------------------------------------------------------------------------------
---------------------------------------------------------------------------------
Finished Constraint Validation : Time (s): cpu = 00:00:03 ; elapsed = 00:00:03 . Memory (MB): peak = 1469.980 ; gain = 104.750 ; free physical = 15383 ; free virtual = 101883
---------------------------------------------------------------------------------
---------------------------------------------------------------------------------
Start Loading Part and Timing Information
---------------------------------------------------------------------------------
Loading part: xcvu9p-fsgd2104-3-e
INFO: [Synth 8-6742] Reading net delay rules and data
---------------------------------------------------------------------------------
Finished Loading Part and Timing Information : Time (s): cpu = 00:00:03 ; elapsed = 00:00:03 . Memory (MB): peak = 1477.984 ; gain = 112.754 ; free physical = 15383 ; free virtual = 101884
---------------------------------------------------------------------------------
INFO: [Device 21-403] Loading part xcvu9p-fsgd2104-3-e
WARNING: [Synth 8-327] inferring latch for variable 'out_psum_top_reg_reg' [/home/zhangniansong/ATC21-hw-rsc/fine-grained/omni_switch.v:87]
WARNING: [Synth 8-327] inferring latch for variable 'out_psum_btm_reg_reg' [/home/zhangniansong/ATC21-hw-rsc/fine-grained/omni_switch.v:86]
WARNING: [Synth 8-327] inferring latch for variable 'out_act_lft_reg_reg' [/home/zhangniansong/ATC21-hw-rsc/fine-grained/omni_switch.v:89]
WARNING: [Synth 8-327] inferring latch for variable 'out_act_rht_reg_reg' [/home/zhangniansong/ATC21-hw-rsc/fine-grained/omni_switch.v:88]
---------------------------------------------------------------------------------
Finished RTL Optimization Phase 2 : Time (s): cpu = 00:00:03 ; elapsed = 00:00:03 . Memory (MB): peak = 1485.992 ; gain = 120.762 ; free physical = 15374 ; free virtual = 101875
---------------------------------------------------------------------------------

Report RTL Partitions: 
+-+--------------+------------+----------+
| |RTL Partition |Replication |Instances |
+-+--------------+------------+----------+
+-+--------------+------------+----------+
No constraint files found.
---------------------------------------------------------------------------------
Start RTL Component Statistics 
---------------------------------------------------------------------------------
Detailed RTL Component Info : 
+---Registers : 
	               64 Bit    Registers := 4     
	               16 Bit    Registers := 1     
+---Muxes : 
	   2 Input     64 Bit        Muxes := 1     
	   2 Input     16 Bit        Muxes := 1     
	   2 Input      1 Bit        Muxes := 2     
---------------------------------------------------------------------------------
Finished RTL Component Statistics 
---------------------------------------------------------------------------------
---------------------------------------------------------------------------------
Start RTL Hierarchical Component Statistics 
---------------------------------------------------------------------------------
Hierarchical RTL Component report 
Module omni_switch 
Detailed RTL Component Info : 
+---Registers : 
	               64 Bit    Registers := 1     
+---Muxes : 
	   2 Input     64 Bit        Muxes := 1     
	   2 Input     16 Bit        Muxes := 1     
	   2 Input      1 Bit        Muxes := 2     
Module PE 
Detailed RTL Component Info : 
+---Registers : 
	               64 Bit    Registers := 3     
	               16 Bit    Registers := 1     
---------------------------------------------------------------------------------
Finished RTL Hierarchical Component Statistics
---------------------------------------------------------------------------------
---------------------------------------------------------------------------------
Start Part Resource Summary
---------------------------------------------------------------------------------
Part Resources:
DSPs: 6840 (col length:120)
BRAMs: 4320 (col length: RAMB18 360 RAMB36 180)
---------------------------------------------------------------------------------
Finished Part Resource Summary
---------------------------------------------------------------------------------
No constraint files found.
---------------------------------------------------------------------------------
Start Cross Boundary and Area Optimization
---------------------------------------------------------------------------------
Warning: Parallel synthesis criteria is not met 
WARNING: [Synth 8-264] enable of latch \out_act_rht_reg_reg[0]  is always disabled
WARNING: [Synth 8-264] enable of latch \out_act_rht_reg_reg[0]  is always disabled
WARNING: [Synth 8-264] enable of latch \out_act_rht_reg_reg[1]  is always disabled
WARNING: [Synth 8-264] enable of latch \out_act_rht_reg_reg[1]  is always disabled
WARNING: [Synth 8-264] enable of latch \out_act_rht_reg_reg[2]  is always disabled
WARNING: [Synth 8-264] enable of latch \out_act_rht_reg_reg[2]  is always disabled
WARNING: [Synth 8-264] enable of latch \out_act_rht_reg_reg[3]  is always disabled
WARNING: [Synth 8-264] enable of latch \out_act_rht_reg_reg[3]  is always disabled
WARNING: [Synth 8-264] enable of latch \out_act_rht_reg_reg[4]  is always disabled
WARNING: [Synth 8-264] enable of latch \out_act_rht_reg_reg[4]  is always disabled
WARNING: [Synth 8-264] enable of latch \out_act_rht_reg_reg[5]  is always disabled
WARNING: [Synth 8-264] enable of latch \out_act_rht_reg_reg[5]  is always disabled
WARNING: [Synth 8-264] enable of latch \out_act_rht_reg_reg[6]  is always disabled
WARNING: [Synth 8-264] enable of latch \out_act_rht_reg_reg[6]  is always disabled
WARNING: [Synth 8-264] enable of latch \out_act_rht_reg_reg[7]  is always disabled
WARNING: [Synth 8-264] enable of latch \out_act_rht_reg_reg[7]  is always disabled
WARNING: [Synth 8-264] enable of latch \out_act_rht_reg_reg[8]  is always disabled
WARNING: [Synth 8-264] enable of latch \out_act_rht_reg_reg[8]  is always disabled
WARNING: [Synth 8-264] enable of latch \out_act_rht_reg_reg[9]  is always disabled
WARNING: [Synth 8-264] enable of latch \out_act_rht_reg_reg[9]  is always disabled
WARNING: [Synth 8-264] enable of latch \out_act_rht_reg_reg[10]  is always disabled
WARNING: [Synth 8-264] enable of latch \out_act_rht_reg_reg[10]  is always disabled
WARNING: [Synth 8-264] enable of latch \out_act_rht_reg_reg[11]  is always disabled
WARNING: [Synth 8-264] enable of latch \out_act_rht_reg_reg[11]  is always disabled
WARNING: [Synth 8-264] enable of latch \out_act_rht_reg_reg[12]  is always disabled
WARNING: [Synth 8-264] enable of latch \out_act_rht_reg_reg[12]  is always disabled
WARNING: [Synth 8-264] enable of latch \out_act_rht_reg_reg[13]  is always disabled
WARNING: [Synth 8-264] enable of latch \out_act_rht_reg_reg[13]  is always disabled
WARNING: [Synth 8-264] enable of latch \out_act_rht_reg_reg[14]  is always disabled
WARNING: [Synth 8-264] enable of latch \out_act_rht_reg_reg[14]  is always disabled
WARNING: [Synth 8-264] enable of latch \out_act_rht_reg_reg[15]  is always disabled
WARNING: [Synth 8-264] enable of latch \out_act_rht_reg_reg[15]  is always disabled
WARNING: [Synth 8-264] enable of latch \out_psum_btm_reg_reg[0]  is always disabled
WARNING: [Synth 8-264] enable of latch \out_psum_btm_reg_reg[0]  is always disabled
WARNING: [Synth 8-264] enable of latch \out_psum_btm_reg_reg[1]  is always disabled
WARNING: [Synth 8-264] enable of latch \out_psum_btm_reg_reg[1]  is always disabled
WARNING: [Synth 8-264] enable of latch \out_psum_btm_reg_reg[2]  is always disabled
WARNING: [Synth 8-264] enable of latch \out_psum_btm_reg_reg[2]  is always disabled
WARNING: [Synth 8-264] enable of latch \out_psum_btm_reg_reg[3]  is always disabled
WARNING: [Synth 8-264] enable of latch \out_psum_btm_reg_reg[3]  is always disabled
WARNING: [Synth 8-264] enable of latch \out_psum_btm_reg_reg[4]  is always disabled
WARNING: [Synth 8-264] enable of latch \out_psum_btm_reg_reg[4]  is always disabled
WARNING: [Synth 8-264] enable of latch \out_psum_btm_reg_reg[5]  is always disabled
WARNING: [Synth 8-264] enable of latch \out_psum_btm_reg_reg[5]  is always disabled
WARNING: [Synth 8-264] enable of latch \out_psum_btm_reg_reg[6]  is always disabled
WARNING: [Synth 8-264] enable of latch \out_psum_btm_reg_reg[6]  is always disabled
WARNING: [Synth 8-264] enable of latch \out_psum_btm_reg_reg[7]  is always disabled
WARNING: [Synth 8-264] enable of latch \out_psum_btm_reg_reg[7]  is always disabled
WARNING: [Synth 8-264] enable of latch \out_psum_btm_reg_reg[8]  is always disabled
WARNING: [Synth 8-264] enable of latch \out_psum_btm_reg_reg[8]  is always disabled
WARNING: [Synth 8-264] enable of latch \out_psum_btm_reg_reg[9]  is always disabled
WARNING: [Synth 8-264] enable of latch \out_psum_btm_reg_reg[9]  is always disabled
WARNING: [Synth 8-264] enable of latch \out_psum_btm_reg_reg[10]  is always disabled
WARNING: [Synth 8-264] enable of latch \out_psum_btm_reg_reg[10]  is always disabled
WARNING: [Synth 8-264] enable of latch \out_psum_btm_reg_reg[11]  is always disabled
WARNING: [Synth 8-264] enable of latch \out_psum_btm_reg_reg[11]  is always disabled
WARNING: [Synth 8-264] enable of latch \out_psum_btm_reg_reg[12]  is always disabled
WARNING: [Synth 8-264] enable of latch \out_psum_btm_reg_reg[12]  is always disabled
WARNING: [Synth 8-264] enable of latch \out_psum_btm_reg_reg[13]  is always disabled
WARNING: [Synth 8-264] enable of latch \out_psum_btm_reg_reg[13]  is always disabled
WARNING: [Synth 8-264] enable of latch \out_psum_btm_reg_reg[14]  is always disabled
WARNING: [Synth 8-264] enable of latch \out_psum_btm_reg_reg[14]  is always disabled
WARNING: [Synth 8-264] enable of latch \out_psum_btm_reg_reg[15]  is always disabled
WARNING: [Synth 8-264] enable of latch \out_psum_btm_reg_reg[15]  is always disabled
WARNING: [Synth 8-264] enable of latch \out_psum_btm_reg_reg[16]  is always disabled
WARNING: [Synth 8-264] enable of latch \out_psum_btm_reg_reg[16]  is always disabled
WARNING: [Synth 8-264] enable of latch \out_psum_btm_reg_reg[17]  is always disabled
WARNING: [Synth 8-264] enable of latch \out_psum_btm_reg_reg[17]  is always disabled
WARNING: [Synth 8-264] enable of latch \out_psum_btm_reg_reg[18]  is always disabled
WARNING: [Synth 8-264] enable of latch \out_psum_btm_reg_reg[18]  is always disabled
WARNING: [Synth 8-264] enable of latch \out_psum_btm_reg_reg[19]  is always disabled
WARNING: [Synth 8-264] enable of latch \out_psum_btm_reg_reg[19]  is always disabled
WARNING: [Synth 8-264] enable of latch \out_psum_btm_reg_reg[20]  is always disabled
WARNING: [Synth 8-264] enable of latch \out_psum_btm_reg_reg[20]  is always disabled
WARNING: [Synth 8-264] enable of latch \out_psum_btm_reg_reg[21]  is always disabled
WARNING: [Synth 8-264] enable of latch \out_psum_btm_reg_reg[21]  is always disabled
WARNING: [Synth 8-264] enable of latch \out_psum_btm_reg_reg[22]  is always disabled
WARNING: [Synth 8-264] enable of latch \out_psum_btm_reg_reg[22]  is always disabled
WARNING: [Synth 8-264] enable of latch \out_psum_btm_reg_reg[23]  is always disabled
WARNING: [Synth 8-264] enable of latch \out_psum_btm_reg_reg[23]  is always disabled
WARNING: [Synth 8-264] enable of latch \out_psum_btm_reg_reg[24]  is always disabled
WARNING: [Synth 8-264] enable of latch \out_psum_btm_reg_reg[24]  is always disabled
WARNING: [Synth 8-264] enable of latch \out_psum_btm_reg_reg[25]  is always disabled
WARNING: [Synth 8-264] enable of latch \out_psum_btm_reg_reg[25]  is always disabled
WARNING: [Synth 8-264] enable of latch \out_psum_btm_reg_reg[26]  is always disabled
WARNING: [Synth 8-264] enable of latch \out_psum_btm_reg_reg[26]  is always disabled
WARNING: [Synth 8-264] enable of latch \out_psum_btm_reg_reg[27]  is always disabled
WARNING: [Synth 8-264] enable of latch \out_psum_btm_reg_reg[27]  is always disabled
WARNING: [Synth 8-264] enable of latch \out_psum_btm_reg_reg[28]  is always disabled
WARNING: [Synth 8-264] enable of latch \out_psum_btm_reg_reg[28]  is always disabled
WARNING: [Synth 8-264] enable of latch \out_psum_btm_reg_reg[29]  is always disabled
WARNING: [Synth 8-264] enable of latch \out_psum_btm_reg_reg[29]  is always disabled
WARNING: [Synth 8-264] enable of latch \out_psum_btm_reg_reg[30]  is always disabled
WARNING: [Synth 8-264] enable of latch \out_psum_btm_reg_reg[30]  is always disabled
WARNING: [Synth 8-264] enable of latch \out_psum_btm_reg_reg[31]  is always disabled
WARNING: [Synth 8-264] enable of latch \out_psum_btm_reg_reg[31]  is always disabled
WARNING: [Synth 8-264] enable of latch \out_psum_btm_reg_reg[32]  is always disabled
WARNING: [Synth 8-264] enable of latch \out_psum_btm_reg_reg[32]  is always disabled
WARNING: [Synth 8-264] enable of latch \out_psum_btm_reg_reg[33]  is always disabled
WARNING: [Synth 8-264] enable of latch \out_psum_btm_reg_reg[33]  is always disabled
INFO: [Common 17-14] Message 'Synth 8-264' appears 100 times and further instances of the messages will be disabled. Use the Tcl command set_msg_config to change the current settings.
INFO: [Synth 8-3886] merging instance 'out_psum_reg_reg[0]' (FDRE) to 'out_psum_reg_reg[63]'
INFO: [Synth 8-3886] merging instance 'out_psum_reg_reg[1]' (FDRE) to 'out_psum_reg_reg[63]'
INFO: [Synth 8-3886] merging instance 'out_psum_reg_reg[2]' (FDRE) to 'out_psum_reg_reg[63]'
INFO: [Synth 8-3886] merging instance 'out_psum_reg_reg[3]' (FDRE) to 'out_psum_reg_reg[63]'
INFO: [Synth 8-3886] merging instance 'out_psum_reg_reg[4]' (FDRE) to 'out_psum_reg_reg[63]'
INFO: [Synth 8-3886] merging instance 'out_psum_reg_reg[5]' (FDRE) to 'out_psum_reg_reg[63]'
INFO: [Synth 8-3886] merging instance 'out_psum_reg_reg[6]' (FDRE) to 'out_psum_reg_reg[63]'
INFO: [Synth 8-3886] merging instance 'out_psum_reg_reg[7]' (FDRE) to 'out_psum_reg_reg[63]'
INFO: [Synth 8-3886] merging instance 'out_psum_reg_reg[8]' (FDRE) to 'out_psum_reg_reg[63]'
INFO: [Synth 8-3886] merging instance 'out_psum_reg_reg[9]' (FDRE) to 'out_psum_reg_reg[63]'
INFO: [Synth 8-3886] merging instance 'out_psum_reg_reg[10]' (FDRE) to 'out_psum_reg_reg[63]'
INFO: [Synth 8-3886] merging instance 'out_psum_reg_reg[11]' (FDRE) to 'out_psum_reg_reg[63]'
INFO: [Synth 8-3886] merging instance 'out_psum_reg_reg[12]' (FDRE) to 'out_psum_reg_reg[63]'
INFO: [Synth 8-3886] merging instance 'out_psum_reg_reg[13]' (FDRE) to 'out_psum_reg_reg[63]'
INFO: [Synth 8-3886] merging instance 'out_psum_reg_reg[14]' (FDRE) to 'out_psum_reg_reg[63]'
INFO: [Synth 8-3886] merging instance 'out_psum_reg_reg[15]' (FDRE) to 'out_psum_reg_reg[63]'
INFO: [Synth 8-3886] merging instance 'out_psum_reg_reg[16]' (FDRE) to 'out_psum_reg_reg[63]'
INFO: [Synth 8-3886] merging instance 'out_psum_reg_reg[17]' (FDRE) to 'out_psum_reg_reg[63]'
INFO: [Synth 8-3886] merging instance 'out_psum_reg_reg[18]' (FDRE) to 'out_psum_reg_reg[63]'
INFO: [Synth 8-3886] merging instance 'out_psum_reg_reg[19]' (FDRE) to 'out_psum_reg_reg[63]'
INFO: [Synth 8-3886] merging instance 'out_psum_reg_reg[20]' (FDRE) to 'out_psum_reg_reg[63]'
INFO: [Synth 8-3886] merging instance 'out_psum_reg_reg[21]' (FDRE) to 'out_psum_reg_reg[63]'
INFO: [Synth 8-3886] merging instance 'out_psum_reg_reg[22]' (FDRE) to 'out_psum_reg_reg[63]'
INFO: [Synth 8-3886] merging instance 'out_psum_reg_reg[23]' (FDRE) to 'out_psum_reg_reg[63]'
INFO: [Synth 8-3886] merging instance 'out_psum_reg_reg[24]' (FDRE) to 'out_psum_reg_reg[63]'
INFO: [Synth 8-3886] merging instance 'out_psum_reg_reg[25]' (FDRE) to 'out_psum_reg_reg[63]'
INFO: [Synth 8-3886] merging instance 'out_psum_reg_reg[26]' (FDRE) to 'out_psum_reg_reg[63]'
INFO: [Synth 8-3886] merging instance 'out_psum_reg_reg[27]' (FDRE) to 'out_psum_reg_reg[63]'
INFO: [Synth 8-3886] merging instance 'out_psum_reg_reg[28]' (FDRE) to 'out_psum_reg_reg[63]'
INFO: [Synth 8-3886] merging instance 'out_psum_reg_reg[29]' (FDRE) to 'out_psum_reg_reg[63]'
INFO: [Synth 8-3886] merging instance 'out_psum_reg_reg[30]' (FDRE) to 'out_psum_reg_reg[63]'
INFO: [Synth 8-3886] merging instance 'out_psum_reg_reg[31]' (FDRE) to 'out_psum_reg_reg[63]'
INFO: [Synth 8-3886] merging instance 'out_psum_reg_reg[32]' (FDRE) to 'out_psum_reg_reg[63]'
INFO: [Synth 8-3886] merging instance 'out_psum_reg_reg[33]' (FDRE) to 'out_psum_reg_reg[63]'
INFO: [Synth 8-3886] merging instance 'out_psum_reg_reg[34]' (FDRE) to 'out_psum_reg_reg[63]'
INFO: [Synth 8-3886] merging instance 'out_psum_reg_reg[35]' (FDRE) to 'out_psum_reg_reg[63]'
INFO: [Synth 8-3886] merging instance 'out_psum_reg_reg[36]' (FDRE) to 'out_psum_reg_reg[63]'
INFO: [Synth 8-3886] merging instance 'out_psum_reg_reg[37]' (FDRE) to 'out_psum_reg_reg[63]'
INFO: [Synth 8-3886] merging instance 'out_psum_reg_reg[38]' (FDRE) to 'out_psum_reg_reg[63]'
INFO: [Synth 8-3886] merging instance 'out_psum_reg_reg[39]' (FDRE) to 'out_psum_reg_reg[63]'
INFO: [Synth 8-3886] merging instance 'out_psum_reg_reg[40]' (FDRE) to 'out_psum_reg_reg[63]'
INFO: [Synth 8-3886] merging instance 'out_psum_reg_reg[41]' (FDRE) to 'out_psum_reg_reg[63]'
INFO: [Synth 8-3886] merging instance 'out_psum_reg_reg[42]' (FDRE) to 'out_psum_reg_reg[63]'
INFO: [Synth 8-3886] merging instance 'out_psum_reg_reg[43]' (FDRE) to 'out_psum_reg_reg[63]'
INFO: [Synth 8-3886] merging instance 'out_psum_reg_reg[44]' (FDRE) to 'out_psum_reg_reg[63]'
INFO: [Synth 8-3886] merging instance 'out_psum_reg_reg[45]' (FDRE) to 'out_psum_reg_reg[63]'
INFO: [Synth 8-3886] merging instance 'out_psum_reg_reg[46]' (FDRE) to 'out_psum_reg_reg[63]'
INFO: [Synth 8-3886] merging instance 'out_psum_reg_reg[47]' (FDRE) to 'out_psum_reg_reg[63]'
INFO: [Synth 8-3886] merging instance 'out_psum_reg_reg[48]' (FDRE) to 'out_psum_reg_reg[63]'
INFO: [Synth 8-3886] merging instance 'out_psum_reg_reg[49]' (FDRE) to 'out_psum_reg_reg[63]'
INFO: [Synth 8-3886] merging instance 'out_psum_reg_reg[50]' (FDRE) to 'out_psum_reg_reg[63]'
INFO: [Synth 8-3886] merging instance 'out_psum_reg_reg[51]' (FDRE) to 'out_psum_reg_reg[63]'
INFO: [Synth 8-3886] merging instance 'out_psum_reg_reg[52]' (FDRE) to 'out_psum_reg_reg[63]'
INFO: [Synth 8-3886] merging instance 'out_psum_reg_reg[53]' (FDRE) to 'out_psum_reg_reg[63]'
INFO: [Synth 8-3886] merging instance 'out_psum_reg_reg[54]' (FDRE) to 'out_psum_reg_reg[63]'
INFO: [Synth 8-3886] merging instance 'out_psum_reg_reg[55]' (FDRE) to 'out_psum_reg_reg[63]'
INFO: [Synth 8-3886] merging instance 'out_psum_reg_reg[56]' (FDRE) to 'out_psum_reg_reg[63]'
INFO: [Synth 8-3886] merging instance 'out_psum_reg_reg[57]' (FDRE) to 'out_psum_reg_reg[63]'
INFO: [Synth 8-3886] merging instance 'out_psum_reg_reg[58]' (FDRE) to 'out_psum_reg_reg[63]'
INFO: [Synth 8-3886] merging instance 'out_psum_reg_reg[59]' (FDRE) to 'out_psum_reg_reg[63]'
INFO: [Synth 8-3886] merging instance 'out_psum_reg_reg[60]' (FDRE) to 'out_psum_reg_reg[63]'
INFO: [Synth 8-3886] merging instance 'out_psum_reg_reg[61]' (FDRE) to 'out_psum_reg_reg[63]'
INFO: [Synth 8-3886] merging instance 'out_psum_reg_reg[62]' (FDRE) to 'out_psum_reg_reg[63]'
INFO: [Synth 8-3333] propagating constant 0 across sequential element (\out_psum_reg_reg[63] )
INFO: [Synth 8-3886] merging instance 'out_psum_btm_reg_reg[0]' (LDC) to 'out_psum_btm_reg_reg[63]'
INFO: [Synth 8-3886] merging instance 'out_psum_btm_reg_reg[1]' (LDC) to 'out_psum_btm_reg_reg[63]'
INFO: [Synth 8-3886] merging instance 'out_psum_btm_reg_reg[2]' (LDC) to 'out_psum_btm_reg_reg[63]'
INFO: [Synth 8-3886] merging instance 'out_psum_btm_reg_reg[3]' (LDC) to 'out_psum_btm_reg_reg[63]'
INFO: [Synth 8-3886] merging instance 'out_psum_btm_reg_reg[4]' (LDC) to 'out_psum_btm_reg_reg[63]'
INFO: [Synth 8-3886] merging instance 'out_psum_btm_reg_reg[5]' (LDC) to 'out_psum_btm_reg_reg[63]'
INFO: [Synth 8-3886] merging instance 'out_psum_btm_reg_reg[6]' (LDC) to 'out_psum_btm_reg_reg[63]'
INFO: [Synth 8-3886] merging instance 'out_psum_btm_reg_reg[7]' (LDC) to 'out_psum_btm_reg_reg[63]'
INFO: [Synth 8-3886] merging instance 'out_psum_btm_reg_reg[8]' (LDC) to 'out_psum_btm_reg_reg[63]'
INFO: [Synth 8-3886] merging instance 'out_psum_btm_reg_reg[9]' (LDC) to 'out_psum_btm_reg_reg[63]'
INFO: [Synth 8-3886] merging instance 'out_psum_btm_reg_reg[10]' (LDC) to 'out_psum_btm_reg_reg[63]'
INFO: [Synth 8-3886] merging instance 'out_psum_btm_reg_reg[11]' (LDC) to 'out_psum_btm_reg_reg[63]'
INFO: [Synth 8-3886] merging instance 'out_psum_btm_reg_reg[12]' (LDC) to 'out_psum_btm_reg_reg[63]'
INFO: [Synth 8-3886] merging instance 'out_psum_btm_reg_reg[13]' (LDC) to 'out_psum_btm_reg_reg[63]'
INFO: [Synth 8-3886] merging instance 'out_psum_btm_reg_reg[14]' (LDC) to 'out_psum_btm_reg_reg[63]'
INFO: [Synth 8-3886] merging instance 'out_psum_btm_reg_reg[15]' (LDC) to 'out_psum_btm_reg_reg[63]'
INFO: [Synth 8-3886] merging instance 'out_psum_btm_reg_reg[16]' (LDC) to 'out_psum_btm_reg_reg[63]'
INFO: [Synth 8-3886] merging instance 'out_psum_btm_reg_reg[17]' (LDC) to 'out_psum_btm_reg_reg[63]'
INFO: [Synth 8-3886] merging instance 'out_psum_btm_reg_reg[18]' (LDC) to 'out_psum_btm_reg_reg[63]'
INFO: [Synth 8-3886] merging instance 'out_psum_btm_reg_reg[19]' (LDC) to 'out_psum_btm_reg_reg[63]'
INFO: [Synth 8-3886] merging instance 'out_psum_btm_reg_reg[20]' (LDC) to 'out_psum_btm_reg_reg[63]'
INFO: [Synth 8-3886] merging instance 'out_psum_btm_reg_reg[21]' (LDC) to 'out_psum_btm_reg_reg[63]'
INFO: [Synth 8-3886] merging instance 'out_psum_btm_reg_reg[22]' (LDC) to 'out_psum_btm_reg_reg[63]'
INFO: [Synth 8-3886] merging instance 'out_psum_btm_reg_reg[23]' (LDC) to 'out_psum_btm_reg_reg[63]'
INFO: [Synth 8-3886] merging instance 'out_psum_btm_reg_reg[24]' (LDC) to 'out_psum_btm_reg_reg[63]'
INFO: [Synth 8-3886] merging instance 'out_psum_btm_reg_reg[25]' (LDC) to 'out_psum_btm_reg_reg[63]'
INFO: [Synth 8-3886] merging instance 'out_psum_btm_reg_reg[26]' (LDC) to 'out_psum_btm_reg_reg[63]'
INFO: [Synth 8-3886] merging instance 'out_psum_btm_reg_reg[27]' (LDC) to 'out_psum_btm_reg_reg[63]'
INFO: [Synth 8-3886] merging instance 'out_psum_btm_reg_reg[28]' (LDC) to 'out_psum_btm_reg_reg[63]'
INFO: [Synth 8-3886] merging instance 'out_psum_btm_reg_reg[29]' (LDC) to 'out_psum_btm_reg_reg[63]'
INFO: [Synth 8-3886] merging instance 'out_psum_btm_reg_reg[30]' (LDC) to 'out_psum_btm_reg_reg[63]'
INFO: [Synth 8-3886] merging instance 'out_psum_btm_reg_reg[31]' (LDC) to 'out_psum_btm_reg_reg[63]'
INFO: [Synth 8-3886] merging instance 'out_psum_btm_reg_reg[32]' (LDC) to 'out_psum_btm_reg_reg[63]'
INFO: [Synth 8-3886] merging instance 'out_psum_btm_reg_reg[33]' (LDC) to 'out_psum_btm_reg_reg[63]'
INFO: [Synth 8-3886] merging instance 'out_psum_btm_reg_reg[34]' (LDC) to 'out_psum_btm_reg_reg[63]'
INFO: [Synth 8-3886] merging instance 'out_psum_btm_reg_reg[35]' (LDC) to 'out_psum_btm_reg_reg[63]'
INFO: [Synth 8-3886] merging instance 'out_psum_btm_reg_reg[36]' (LDC) to 'out_psum_btm_reg_reg[63]'
INFO: [Common 17-14] Message 'Synth 8-3886' appears 100 times and further instances of the messages will be disabled. Use the Tcl command set_msg_config to change the current settings.
INFO: [Synth 8-3333] propagating constant 0 across sequential element (\out_psum_btm_reg_reg[63] )
INFO: [Synth 8-3333] propagating constant 0 across sequential element (\out_psum_top_reg_reg[63] )
WARNING: [Synth 8-3332] Sequential element (out_psum_top_reg_reg[63]) is unused and will be removed from module omni_switch.
WARNING: [Synth 8-3332] Sequential element (out_psum_btm_reg_reg[63]) is unused and will be removed from module omni_switch.
---------------------------------------------------------------------------------
Finished Cross Boundary and Area Optimization : Time (s): cpu = 00:00:16 ; elapsed = 00:00:26 . Memory (MB): peak = 2357.664 ; gain = 992.434 ; free physical = 14547 ; free virtual = 101062
---------------------------------------------------------------------------------

Report RTL Partitions: 
+-+--------------+------------+----------+
| |RTL Partition |Replication |Instances |
+-+--------------+------------+----------+
+-+--------------+------------+----------+
No constraint files found.
---------------------------------------------------------------------------------
Start Timing Optimization
---------------------------------------------------------------------------------
---------------------------------------------------------------------------------
Finished Timing Optimization : Time (s): cpu = 00:00:16 ; elapsed = 00:00:26 . Memory (MB): peak = 2357.664 ; gain = 992.434 ; free physical = 14543 ; free virtual = 101058
---------------------------------------------------------------------------------

Report RTL Partitions: 
+-+--------------+------------+----------+
| |RTL Partition |Replication |Instances |
+-+--------------+------------+----------+
+-+--------------+------------+----------+
---------------------------------------------------------------------------------
Start Technology Mapping
---------------------------------------------------------------------------------
---------------------------------------------------------------------------------
Finished Technology Mapping : Time (s): cpu = 00:00:16 ; elapsed = 00:00:26 . Memory (MB): peak = 2357.664 ; gain = 992.434 ; free physical = 14541 ; free virtual = 101056
---------------------------------------------------------------------------------

Report RTL Partitions: 
+-+--------------+------------+----------+
| |RTL Partition |Replication |Instances |
+-+--------------+------------+----------+
+-+--------------+------------+----------+
---------------------------------------------------------------------------------
Start IO Insertion
---------------------------------------------------------------------------------
---------------------------------------------------------------------------------
Start Flattening Before IO Insertion
---------------------------------------------------------------------------------
---------------------------------------------------------------------------------
Finished Flattening Before IO Insertion
---------------------------------------------------------------------------------
---------------------------------------------------------------------------------
Start Final Netlist Cleanup
---------------------------------------------------------------------------------
---------------------------------------------------------------------------------
Finished Final Netlist Cleanup
---------------------------------------------------------------------------------
---------------------------------------------------------------------------------
Finished IO Insertion : Time (s): cpu = 00:00:17 ; elapsed = 00:00:27 . Memory (MB): peak = 2357.664 ; gain = 992.434 ; free physical = 14539 ; free virtual = 101054
---------------------------------------------------------------------------------

Report Check Netlist: 
+------+------------------+-------+---------+-------+------------------+
|      |Item              |Errors |Warnings |Status |Description       |
+------+------------------+-------+---------+-------+------------------+
|1     |multi_driven_nets |      0|        0|Passed |Multi driven nets |
+------+------------------+-------+---------+-------+------------------+
---------------------------------------------------------------------------------
Start Renaming Generated Instances
---------------------------------------------------------------------------------
---------------------------------------------------------------------------------
Finished Renaming Generated Instances : Time (s): cpu = 00:00:17 ; elapsed = 00:00:27 . Memory (MB): peak = 2357.664 ; gain = 992.434 ; free physical = 14539 ; free virtual = 101054
---------------------------------------------------------------------------------

Report RTL Partitions: 
+-+--------------+------------+----------+
| |RTL Partition |Replication |Instances |
+-+--------------+------------+----------+
+-+--------------+------------+----------+
---------------------------------------------------------------------------------
Start Rebuilding User Hierarchy
---------------------------------------------------------------------------------
---------------------------------------------------------------------------------
Finished Rebuilding User Hierarchy : Time (s): cpu = 00:00:17 ; elapsed = 00:00:27 . Memory (MB): peak = 2357.664 ; gain = 992.434 ; free physical = 14539 ; free virtual = 101054
---------------------------------------------------------------------------------
---------------------------------------------------------------------------------
Start Renaming Generated Ports
---------------------------------------------------------------------------------
---------------------------------------------------------------------------------
Finished Renaming Generated Ports : Time (s): cpu = 00:00:17 ; elapsed = 00:00:27 . Memory (MB): peak = 2357.664 ; gain = 992.434 ; free physical = 14539 ; free virtual = 101054
---------------------------------------------------------------------------------
---------------------------------------------------------------------------------
Start Handling Custom Attributes
---------------------------------------------------------------------------------
---------------------------------------------------------------------------------
Finished Handling Custom Attributes : Time (s): cpu = 00:00:17 ; elapsed = 00:00:27 . Memory (MB): peak = 2357.664 ; gain = 992.434 ; free physical = 14539 ; free virtual = 101054
---------------------------------------------------------------------------------
---------------------------------------------------------------------------------
Start Renaming Generated Nets
---------------------------------------------------------------------------------
---------------------------------------------------------------------------------
Finished Renaming Generated Nets : Time (s): cpu = 00:00:17 ; elapsed = 00:00:27 . Memory (MB): peak = 2357.664 ; gain = 992.434 ; free physical = 14539 ; free virtual = 101054
---------------------------------------------------------------------------------
---------------------------------------------------------------------------------
Start Writing Synthesis Report
---------------------------------------------------------------------------------

Report BlackBoxes: 
+-+--------------+----------+
| |BlackBox name |Instances |
+-+--------------+----------+
+-+--------------+----------+

Report Cell Usage: 
+------+-----+------+
|      |Cell |Count |
+------+-----+------+
|1     |FDRE |   208|
|2     |LDC  |    16|
+------+-----+------+

Report Instance Areas: 
+------+----------+-------+------+
|      |Instance  |Module |Cells |
+------+----------+-------+------+
|1     |top       |       |   224|
|2     |  PE_inst |PE     |   208|
+------+----------+-------+------+
---------------------------------------------------------------------------------
Finished Writing Synthesis Report : Time (s): cpu = 00:00:17 ; elapsed = 00:00:27 . Memory (MB): peak = 2357.664 ; gain = 992.434 ; free physical = 14539 ; free virtual = 101054
---------------------------------------------------------------------------------
Synthesis finished with 0 errors, 0 critical warnings and 233 warnings.
Synthesis Optimization Runtime : Time (s): cpu = 00:00:17 ; elapsed = 00:00:27 . Memory (MB): peak = 2357.664 ; gain = 992.434 ; free physical = 14541 ; free virtual = 101056
Synthesis Optimization Complete : Time (s): cpu = 00:00:17 ; elapsed = 00:00:27 . Memory (MB): peak = 2357.672 ; gain = 992.434 ; free physical = 14541 ; free virtual = 101056
INFO: [Project 1-571] Translating synthesized netlist
INFO: [Netlist 29-17] Analyzing 16 Unisim elements for replacement
INFO: [Netlist 29-28] Unisim Transformation completed in 0 CPU seconds
INFO: [Project 1-570] Preparing netlist for logic optimization
INFO: [Opt 31-138] Pushed 0 inverter(s) to 0 load pin(s).
Netlist sorting complete. Time (s): cpu = 00:00:00 ; elapsed = 00:00:00 . Memory (MB): peak = 2361.664 ; gain = 0.000 ; free physical = 14439 ; free virtual = 100961
INFO: [Project 1-111] Unisim Transformation Summary:
  A total of 16 instances were transformed.
  LDC => LDCE: 16 instances

INFO: [Common 17-83] Releasing license: Synthesis
123 Infos, 109 Warnings, 0 Critical Warnings and 0 Errors encountered.
synth_design completed successfully
synth_design: Time (s): cpu = 00:00:21 ; elapsed = 00:00:32 . Memory (MB): peak = 2361.664 ; gain = 1004.438 ; free physical = 14497 ; free virtual = 101019
# report_utilization -file utilization.txt;
# write_checkpoint -force -file decoder.dcp
Netlist sorting complete. Time (s): cpu = 00:00:00 ; elapsed = 00:00:00 . Memory (MB): peak = 2361.664 ; gain = 0.000 ; free physical = 14489 ; free virtual = 101012
WARNING: [Constraints 18-5210] No constraints selected for write.
Resolution: This message can indicate that there are no constraints for the design, or it can indicate that the used_in flags are set such that the constraints are ignored. This later case is used when running synth_design to not write synthesis constraints to the resulting checkpoint. Instead, project constraints are read when the synthesized design is opened.
INFO: [Timing 38-35] Done setting XDC timing constraints.
INFO: [Common 17-1381] The checkpoint '/home/zhangniansong/ATC21-hw-rsc/fine-grained/decoder.dcp' has been generated.
write_checkpoint: Time (s): cpu = 00:00:04 ; elapsed = 00:00:07 . Memory (MB): peak = 2655.875 ; gain = 294.211 ; free physical = 14326 ; free virtual = 100849
# exit
INFO: [Common 17-206] Exiting Vivado at Thu Jun 17 17:13:58 2021...
